[0m11:51:13.355857 [debug] [MainThread]: Sending event: {'category': 'dbt', 'action': 'invocation', 'label': 'start', 'context': [<snowplow_tracker.self_describing_json.SelfDescribingJson object at 0x10aff8ad0>, <snowplow_tracker.self_describing_json.SelfDescribingJson object at 0x10bf4f750>, <snowplow_tracker.self_describing_json.SelfDescribingJson object at 0x10bf4f890>]}


============================== 11:51:13.360023 | 26867b4f-c90f-4e7d-9c5d-3520ec6275c2 ==============================
[0m11:51:13.360023 [info ] [MainThread]: Running with dbt=1.11.7
[0m11:51:13.360468 [debug] [MainThread]: running dbt with arguments {'indirect_selection': 'eager', 'write_json': 'True', 'profiles_dir': '/Users/anastasiadanopoulolu/.dbt', 'warn_error_options': 'WarnErrorOptionsV2(error=[], warn=[], silence=[])', 'printer_width': '80', 'empty': 'None', 'log_path': 'logs', 'use_experimental_parser': 'False', 'partial_parse': 'True', 'version_check': 'True', 'cache_selected_only': 'False', 'log_cache_events': 'False', 'no_print': 'None', 'fail_fast': 'False', 'introspect': 'True', 'debug': 'False', 'static_parser': 'True', 'send_anonymous_usage_stats': 'True', 'target_path': 'None', 'warn_error': 'None', 'quiet': 'False', 'invocation_command': 'dbt init dbt_project', 'use_colors': 'True', 'log_format': 'default'}
[0m11:51:13.371480 [info ] [MainThread]: Creating dbt configuration folder at /Users/anastasiadanopoulolu/.dbt
[0m11:51:13.372768 [debug] [MainThread]: Starter project path: /Users/anastasiadanopoulolu/Documents/Repositories/duckdb-dbt-streamlit-project/venv/lib/python3.13/site-packages/dbt/include/starter_project
[0m11:51:13.378697 [info ] [MainThread]: 
Your new dbt project "dbt_project" was created!

For more information on how to configure the profiles.yml file,
please consult the dbt documentation here:

  https://docs.getdbt.com/docs/configure-your-profile

One more thing:

Need help? Don't hesitate to reach out to us via GitHub issues or on Slack:

  https://community.getdbt.com/

Happy modeling!

[0m11:51:13.378956 [info ] [MainThread]: Setting up your profile.
[0m11:51:30.186286 [info ] [MainThread]: Profile dbt_project written to /Users/anastasiadanopoulolu/.dbt/profiles.yml using target's sample configuration. Once updated, you'll be able to start developing with dbt.
[0m11:51:30.199959 [debug] [MainThread]: Resource report: {"command_name": "init", "command_success": true, "command_wall_clock_time": 16.899418, "process_in_blocks": "0", "process_kernel_time": 0.239587, "process_mem_max_rss": "131317760", "process_out_blocks": "0", "process_user_time": 0.986597}
[0m11:51:30.200658 [debug] [MainThread]: Command `dbt init` succeeded at 11:51:30.200505 after 16.90 seconds
[0m11:51:30.200944 [debug] [MainThread]: Sending event: {'category': 'dbt', 'action': 'invocation', 'label': 'end', 'context': [<snowplow_tracker.self_describing_json.SelfDescribingJson object at 0x10bf890f0>, <snowplow_tracker.self_describing_json.SelfDescribingJson object at 0x10b871eb0>, <snowplow_tracker.self_describing_json.SelfDescribingJson object at 0x10bfdbce0>]}
[0m11:51:30.201286 [debug] [MainThread]: Flushing usage events
[0m11:51:31.341410 [debug] [MainThread]: An error was encountered while trying to flush usage events
